###############################################################################
#
# IAR ANSI C/C++ Compiler V9.10.2.313/W64 for ARM         28/Jul/2021  15:57:34
# Copyright 1999-2021 IAR Systems AB.
#
#    Cpu mode          =  thumb
#    Endian            =  little
#    Source file       =
#        C:\Users\linux\Desktop\SLAMWARE\breakoutBoardVersion6ReferenceCode\slamwarekit_reference_v6_code.20181120\slamwarekit_reference_v6_code.20181120\infra_pub\arch\st_fwlib\STM32F10x_StdPeriph_Driver\src\stm32f10x_gpio.c
#    Command line      =
#        -f
#        C:\Users\linux\Desktop\SLAMWARE\breakoutBoardVersion6ReferenceCode\slamwarekit_reference_v6_code.20181120\slamwarekit_reference_v6_code.20181120\base_ref\Release_Rev6\List\Runtime\FWLib\src\stm32f10x_gpio.lst.rsp
#        (C:\Users\linux\Desktop\SLAMWARE\breakoutBoardVersion6ReferenceCode\slamwarekit_reference_v6_code.20181120\slamwarekit_reference_v6_code.20181120\infra_pub\arch\st_fwlib\STM32F10x_StdPeriph_Driver\src\stm32f10x_gpio.c
#        -D USE_STDPERIPH_DRIVER -D STM32F10X_HD -D USART_ENABLE_USART3 -D
#        CONFIG_BREAKOUT_REV=6 -D USE_FRONT_IR_SENSORS -D FEATURE_SET_V -lCN
#        C:\Users\linux\Desktop\SLAMWARE\breakoutBoardVersion6ReferenceCode\slamwarekit_reference_v6_code.20181120\slamwarekit_reference_v6_code.20181120\base_ref\Release_Rev6\List\Runtime\FWLib\src
#        --diag_suppress Pa050 -o
#        C:\Users\linux\Desktop\SLAMWARE\breakoutBoardVersion6ReferenceCode\slamwarekit_reference_v6_code.20181120\slamwarekit_reference_v6_code.20181120\base_ref\Release_Rev6\Obj\Runtime\FWLib\src
#        --debug --endian=little --cpu=Cortex-M3 -e --fpu=None --dlib_config
#        "C:\Program Files\IAR Systems\Embedded Workbench
#        9.0\arm\inc\c\DLib_Config_Normal.h" -I
#        C:\Users\linux\Desktop\SLAMWARE\breakoutBoardVersion6ReferenceCode\slamwarekit_reference_v6_code.20181120\slamwarekit_reference_v6_code.20181120\base_ref\src\
#        -I
#        C:\Users\linux\Desktop\SLAMWARE\breakoutBoardVersion6ReferenceCode\slamwarekit_reference_v6_code.20181120\slamwarekit_reference_v6_code.20181120\base_ref\..\..\common\inc\
#        -I
#        C:\Users\linux\Desktop\SLAMWARE\breakoutBoardVersion6ReferenceCode\slamwarekit_reference_v6_code.20181120\slamwarekit_reference_v6_code.20181120\base_ref\..\infra_pub\
#        -I
#        C:\Users\linux\Desktop\SLAMWARE\breakoutBoardVersion6ReferenceCode\slamwarekit_reference_v6_code.20181120\slamwarekit_reference_v6_code.20181120\base_ref\..\infra_pub\arch\st_fwlib\CMSIS\CM3\CoreSupport\
#        -I
#        C:\Users\linux\Desktop\SLAMWARE\breakoutBoardVersion6ReferenceCode\slamwarekit_reference_v6_code.20181120\slamwarekit_reference_v6_code.20181120\base_ref\..\infra_pub\arch\st_fwlib\CMSIS\CM3\DeviceSupport\ST\STM32F10x\
#        -I
#        C:\Users\linux\Desktop\SLAMWARE\breakoutBoardVersion6ReferenceCode\slamwarekit_reference_v6_code.20181120\slamwarekit_reference_v6_code.20181120\base_ref\..\infra_pub\arch\st_fwlib\STM32F10x_StdPeriph_Driver\inc\
#        -I
#        C:\Users\linux\Desktop\SLAMWARE\breakoutBoardVersion6ReferenceCode\slamwarekit_reference_v6_code.20181120\slamwarekit_reference_v6_code.20181120\base_ref\..\infra_pub\arch\infra_stm32\
#        -I
#        C:\Users\linux\Desktop\SLAMWARE\breakoutBoardVersion6ReferenceCode\slamwarekit_reference_v6_code.20181120\slamwarekit_reference_v6_code.20181120\base_ref\..\infra_pub\arch\infra_stm32\32f10x\
#        -Ohz --use_c++_inline) --dependencies=n
#        C:\Users\linux\Desktop\SLAMWARE\breakoutBoardVersion6ReferenceCode\slamwarekit_reference_v6_code.20181120\slamwarekit_reference_v6_code.20181120\base_ref\Release_Rev6\Obj\Runtime\FWLib\src\stm32f10x_gpio.o.d
#    Locale            =  C
#    List file         =
#        C:\Users\linux\Desktop\SLAMWARE\breakoutBoardVersion6ReferenceCode\slamwarekit_reference_v6_code.20181120\slamwarekit_reference_v6_code.20181120\base_ref\Release_Rev6\List\Runtime\FWLib\src\stm32f10x_gpio.lst
#    Object file       =
#        C:\Users\linux\Desktop\SLAMWARE\breakoutBoardVersion6ReferenceCode\slamwarekit_reference_v6_code.20181120\slamwarekit_reference_v6_code.20181120\base_ref\Release_Rev6\Obj\Runtime\FWLib\src\stm32f10x_gpio.o
#    Runtime model:       
#      __SystemLibrary =  DLib
#      __dlib_version  =  6
#
###############################################################################

C:\Users\linux\Desktop\SLAMWARE\breakoutBoardVersion6ReferenceCode\slamwarekit_reference_v6_code.20181120\slamwarekit_reference_v6_code.20181120\infra_pub\arch\st_fwlib\STM32F10x_StdPeriph_Driver\src\stm32f10x_gpio.c
      1          /**
      2            ******************************************************************************
      3            * @file    stm32f10x_gpio.c
      4            * @author  MCD Application Team
      5            * @version V3.5.0
      6            * @date    11-March-2011
      7            * @brief   This file provides all the GPIO firmware functions.
      8            ******************************************************************************
      9            * @attention
     10            *
     11            * THE PRESENT FIRMWARE WHICH IS FOR GUIDANCE ONLY AIMS AT PROVIDING CUSTOMERS
     12            * WITH CODING INFORMATION REGARDING THEIR PRODUCTS IN ORDER FOR THEM TO SAVE
     13            * TIME. AS A RESULT, STMICROELECTRONICS SHALL NOT BE HELD LIABLE FOR ANY
     14            * DIRECT, INDIRECT OR CONSEQUENTIAL DAMAGES WITH RESPECT TO ANY CLAIMS ARISING
     15            * FROM THE CONTENT OF SUCH FIRMWARE AND/OR THE USE MADE BY CUSTOMERS OF THE
     16            * CODING INFORMATION CONTAINED HEREIN IN CONNECTION WITH THEIR PRODUCTS.
     17            *
     18            * <h2><center>&copy; COPYRIGHT 2011 STMicroelectronics</center></h2>
     19            ******************************************************************************
     20            */
     21          
     22          /* Includes ------------------------------------------------------------------*/
     23          #include "stm32f10x_gpio.h"
     24          #include "stm32f10x_rcc.h"
     25          
     26          /** @addtogroup STM32F10x_StdPeriph_Driver
     27            * @{
     28            */
     29          
     30          /** @defgroup GPIO 
     31            * @brief GPIO driver modules
     32            * @{
     33            */ 
     34          
     35          /** @defgroup GPIO_Private_TypesDefinitions
     36            * @{
     37            */
     38          
     39          /**
     40            * @}
     41            */
     42          
     43          /** @defgroup GPIO_Private_Defines
     44            * @{
     45            */
     46          
     47          /* ------------ RCC registers bit address in the alias region ----------------*/
     48          #define AFIO_OFFSET                 (AFIO_BASE - PERIPH_BASE)
     49          
     50          /* --- EVENTCR Register -----*/
     51          
     52          /* Alias word address of EVOE bit */
     53          #define EVCR_OFFSET                 (AFIO_OFFSET + 0x00)
     54          #define EVOE_BitNumber              ((uint8_t)0x07)
     55          #define EVCR_EVOE_BB                (PERIPH_BB_BASE + (EVCR_OFFSET * 32) + (EVOE_BitNumber * 4))
     56          
     57          
     58          /* ---  MAPR Register ---*/ 
     59          /* Alias word address of MII_RMII_SEL bit */ 
     60          #define MAPR_OFFSET                 (AFIO_OFFSET + 0x04) 
     61          #define MII_RMII_SEL_BitNumber      ((u8)0x17) 
     62          #define MAPR_MII_RMII_SEL_BB        (PERIPH_BB_BASE + (MAPR_OFFSET * 32) + (MII_RMII_SEL_BitNumber * 4))
     63          
     64          
     65          #define EVCR_PORTPINCONFIG_MASK     ((uint16_t)0xFF80)
     66          #define LSB_MASK                    ((uint16_t)0xFFFF)
     67          #define DBGAFR_POSITION_MASK        ((uint32_t)0x000F0000)
     68          #define DBGAFR_SWJCFG_MASK          ((uint32_t)0xF0FFFFFF)
     69          #define DBGAFR_LOCATION_MASK        ((uint32_t)0x00200000)
     70          #define DBGAFR_NUMBITS_MASK         ((uint32_t)0x00100000)
     71          /**
     72            * @}
     73            */
     74          
     75          /** @defgroup GPIO_Private_Macros
     76            * @{
     77            */
     78          
     79          /**
     80            * @}
     81            */
     82          
     83          /** @defgroup GPIO_Private_Variables
     84            * @{
     85            */
     86          
     87          /**
     88            * @}
     89            */
     90          
     91          /** @defgroup GPIO_Private_FunctionPrototypes
     92            * @{
     93            */
     94          
     95          /**
     96            * @}
     97            */
     98          
     99          /** @defgroup GPIO_Private_Functions
    100            * @{
    101            */
    102          
    103          /**
    104            * @brief  Deinitializes the GPIOx peripheral registers to their default reset values.
    105            * @param  GPIOx: where x can be (A..G) to select the GPIO peripheral.
    106            * @retval None
    107            */

   \                                 In section .text, align 2, keep-with-next
    108          void GPIO_DeInit(GPIO_TypeDef* GPIOx)
    109          {
   \                     GPIO_DeInit: (+1)
   \        0x0   0xB580             PUSH     {R7,LR}
    110            /* Check the parameters */
    111            assert_param(IS_GPIO_ALL_PERIPH(GPIOx));
    112            
    113            if (GPIOx == GPIOA)
   \        0x2   0x....             LDR.N    R1,??DataTable5
   \        0x4   0x4288             CMP      R0,R1
   \        0x6   0xD106             BNE.N    ??GPIO_DeInit_0
    114            {
    115              RCC_APB2PeriphResetCmd(RCC_APB2Periph_GPIOA, ENABLE);
   \        0x8   0x2101             MOVS     R1,#+1
   \        0xA   0x2004             MOVS     R0,#+4
   \        0xC   0x.... 0x....      BL       RCC_APB2PeriphResetCmd
    116              RCC_APB2PeriphResetCmd(RCC_APB2Periph_GPIOA, DISABLE);
   \       0x10   0x2100             MOVS     R1,#+0
   \       0x12   0x2004             MOVS     R0,#+4
   \       0x14   0xE03C             B.N      ??GPIO_DeInit_1
    117            }
    118            else if (GPIOx == GPIOB)
   \                     ??GPIO_DeInit_0: (+1)
   \       0x16   0x....             LDR.N    R1,??DataTable5_1
   \       0x18   0x4288             CMP      R0,R1
   \       0x1A   0xD106             BNE.N    ??GPIO_DeInit_2
    119            {
    120              RCC_APB2PeriphResetCmd(RCC_APB2Periph_GPIOB, ENABLE);
   \       0x1C   0x2101             MOVS     R1,#+1
   \       0x1E   0x2008             MOVS     R0,#+8
   \       0x20   0x.... 0x....      BL       RCC_APB2PeriphResetCmd
    121              RCC_APB2PeriphResetCmd(RCC_APB2Periph_GPIOB, DISABLE);
   \       0x24   0x2100             MOVS     R1,#+0
   \       0x26   0x2008             MOVS     R0,#+8
   \       0x28   0xE032             B.N      ??GPIO_DeInit_1
    122            }
    123            else if (GPIOx == GPIOC)
   \                     ??GPIO_DeInit_2: (+1)
   \       0x2A   0x....             LDR.N    R1,??DataTable5_2
   \       0x2C   0x4288             CMP      R0,R1
   \       0x2E   0xD106             BNE.N    ??GPIO_DeInit_3
    124            {
    125              RCC_APB2PeriphResetCmd(RCC_APB2Periph_GPIOC, ENABLE);
   \       0x30   0x2101             MOVS     R1,#+1
   \       0x32   0x2010             MOVS     R0,#+16
   \       0x34   0x.... 0x....      BL       RCC_APB2PeriphResetCmd
    126              RCC_APB2PeriphResetCmd(RCC_APB2Periph_GPIOC, DISABLE);
   \       0x38   0x2100             MOVS     R1,#+0
   \       0x3A   0x2010             MOVS     R0,#+16
   \       0x3C   0xE028             B.N      ??GPIO_DeInit_1
    127            }
    128            else if (GPIOx == GPIOD)
   \                     ??GPIO_DeInit_3: (+1)
   \       0x3E   0x....             LDR.N    R1,??DataTable5_3
   \       0x40   0x4288             CMP      R0,R1
   \       0x42   0xD106             BNE.N    ??GPIO_DeInit_4
    129            {
    130              RCC_APB2PeriphResetCmd(RCC_APB2Periph_GPIOD, ENABLE);
   \       0x44   0x2101             MOVS     R1,#+1
   \       0x46   0x2020             MOVS     R0,#+32
   \       0x48   0x.... 0x....      BL       RCC_APB2PeriphResetCmd
    131              RCC_APB2PeriphResetCmd(RCC_APB2Periph_GPIOD, DISABLE);
   \       0x4C   0x2100             MOVS     R1,#+0
   \       0x4E   0x2020             MOVS     R0,#+32
   \       0x50   0xE01E             B.N      ??GPIO_DeInit_1
    132            }    
    133            else if (GPIOx == GPIOE)
   \                     ??GPIO_DeInit_4: (+1)
   \       0x52   0x....             LDR.N    R1,??DataTable5_4
   \       0x54   0x4288             CMP      R0,R1
   \       0x56   0xD106             BNE.N    ??GPIO_DeInit_5
    134            {
    135              RCC_APB2PeriphResetCmd(RCC_APB2Periph_GPIOE, ENABLE);
   \       0x58   0x2101             MOVS     R1,#+1
   \       0x5A   0x2040             MOVS     R0,#+64
   \       0x5C   0x.... 0x....      BL       RCC_APB2PeriphResetCmd
    136              RCC_APB2PeriphResetCmd(RCC_APB2Periph_GPIOE, DISABLE);
   \       0x60   0x2100             MOVS     R1,#+0
   \       0x62   0x2040             MOVS     R0,#+64
   \       0x64   0xE014             B.N      ??GPIO_DeInit_1
    137            } 
    138            else if (GPIOx == GPIOF)
   \                     ??GPIO_DeInit_5: (+1)
   \       0x66   0x....             LDR.N    R1,??DataTable5_5
   \       0x68   0x4288             CMP      R0,R1
   \       0x6A   0xD106             BNE.N    ??GPIO_DeInit_6
    139            {
    140              RCC_APB2PeriphResetCmd(RCC_APB2Periph_GPIOF, ENABLE);
   \       0x6C   0x2101             MOVS     R1,#+1
   \       0x6E   0x2080             MOVS     R0,#+128
   \       0x70   0x.... 0x....      BL       RCC_APB2PeriphResetCmd
    141              RCC_APB2PeriphResetCmd(RCC_APB2Periph_GPIOF, DISABLE);
   \       0x74   0x2100             MOVS     R1,#+0
   \       0x76   0x2080             MOVS     R0,#+128
   \       0x78   0xE00A             B.N      ??GPIO_DeInit_1
    142            }
    143            else
    144            {
    145              if (GPIOx == GPIOG)
   \                     ??GPIO_DeInit_6: (+1)
   \       0x7A   0x....             LDR.N    R1,??DataTable5_6
   \       0x7C   0x4288             CMP      R0,R1
   \       0x7E   0xD10B             BNE.N    ??GPIO_DeInit_7
    146              {
    147                RCC_APB2PeriphResetCmd(RCC_APB2Periph_GPIOG, ENABLE);
   \       0x80   0x2101             MOVS     R1,#+1
   \       0x82   0xF44F 0x7080      MOV      R0,#+256
   \       0x86   0x.... 0x....      BL       RCC_APB2PeriphResetCmd
    148                RCC_APB2PeriphResetCmd(RCC_APB2Periph_GPIOG, DISABLE);
   \       0x8A   0x2100             MOVS     R1,#+0
   \       0x8C   0xF44F 0x7080      MOV      R0,#+256
   \                     ??GPIO_DeInit_1: (+1)
   \       0x90   0xE8BD 0x4004      POP      {R2,LR}
   \       0x94   0x.... 0x....      B.W      RCC_APB2PeriphResetCmd
    149              }
    150            }
    151          }
   \                     ??GPIO_DeInit_7: (+1)
   \       0x98   0xBD01             POP      {R0,PC}
    152          
    153          /**
    154            * @brief  Deinitializes the Alternate Functions (remap, event control
    155            *   and EXTI configuration) registers to their default reset values.
    156            * @param  None
    157            * @retval None
    158            */

   \                                 In section .text, align 2, keep-with-next
    159          void GPIO_AFIODeInit(void)
    160          {
   \                     GPIO_AFIODeInit: (+1)
   \        0x0   0xB580             PUSH     {R7,LR}
    161            RCC_APB2PeriphResetCmd(RCC_APB2Periph_AFIO, ENABLE);
   \        0x2   0x2101             MOVS     R1,#+1
   \        0x4   0x2001             MOVS     R0,#+1
   \        0x6   0x.... 0x....      BL       RCC_APB2PeriphResetCmd
    162            RCC_APB2PeriphResetCmd(RCC_APB2Periph_AFIO, DISABLE);
   \        0xA   0xE8BD 0x4004      POP      {R2,LR}
   \        0xE   0x2100             MOVS     R1,#+0
   \       0x10   0x2001             MOVS     R0,#+1
   \       0x12   0x.... 0x....      B.W      RCC_APB2PeriphResetCmd
    163          }
    164          
    165          /**
    166            * @brief  Initializes the GPIOx peripheral according to the specified
    167            *         parameters in the GPIO_InitStruct.
    168            * @param  GPIOx: where x can be (A..G) to select the GPIO peripheral.
    169            * @param  GPIO_InitStruct: pointer to a GPIO_InitTypeDef structure that
    170            *         contains the configuration information for the specified GPIO peripheral.
    171            * @retval None
    172            */

   \                                 In section .text, align 2, keep-with-next
    173          void GPIO_Init(GPIO_TypeDef* GPIOx, GPIO_InitTypeDef* GPIO_InitStruct)
    174          {
   \                     GPIO_Init: (+1)
   \        0x0   0xE92D 0x41F0      PUSH     {R4-R8,LR}
    175            uint32_t currentmode = 0x00, currentpin = 0x00, pinpos = 0x00, pos = 0x00;
    176            uint32_t tmpreg = 0x00, pinmask = 0x00;
    177            /* Check the parameters */
    178            assert_param(IS_GPIO_ALL_PERIPH(GPIOx));
    179            assert_param(IS_GPIO_MODE(GPIO_InitStruct->GPIO_Mode));
    180            assert_param(IS_GPIO_PIN(GPIO_InitStruct->GPIO_Pin));  
    181            
    182          /*---------------------------- GPIO Mode Configuration -----------------------*/
    183            currentmode = ((uint32_t)GPIO_InitStruct->GPIO_Mode) & ((uint32_t)0x0F);
   \        0x4   0x78CA             LDRB     R2,[R1, #+3]
   \        0x6   0x2600             MOVS     R6,#+0
   \        0x8   0xF002 0x030F      AND      R3,R2,#0xF
    184            if ((((uint32_t)GPIO_InitStruct->GPIO_Mode) & ((uint32_t)0x10)) != 0x00)
   \        0xC   0x06D4             LSLS     R4,R2,#+27
   \        0xE   0xBF44             ITT      MI
   \       0x10   0x788A             LDRBMI   R2,[R1, #+2]
   \       0x12   0x4313             ORRMI    R3,R2,R3
    185            { 
    186              /* Check the parameters */
    187              assert_param(IS_GPIO_SPEED(GPIO_InitStruct->GPIO_Speed));
    188              /* Output mode */
    189              currentmode |= (uint32_t)GPIO_InitStruct->GPIO_Speed;
    190            }
    191          /*---------------------------- GPIO CRL Configuration ------------------------*/
    192            /* Configure the eight low port pins */
    193            if (((uint32_t)GPIO_InitStruct->GPIO_Pin & ((uint32_t)0x00FF)) != 0x00)
   \       0x14   0x880A             LDRH     R2,[R1, #+0]
   \       0x16   0x2401             MOVS     R4,#+1
   \       0x18   0xF04F 0x080F      MOV      R8,#+15
   \       0x1C   0xB2D7             UXTB     R7,R2
   \       0x1E   0xB1E7             CBZ.N    R7,??GPIO_Init_0
    194            {
    195              tmpreg = GPIOx->CRL;
   \       0x20   0x6807             LDR      R7,[R0, #+0]
    196              for (pinpos = 0x00; pinpos < 0x08; pinpos++)
    197              {
    198                pos = ((uint32_t)0x01) << pinpos;
   \                     ??GPIO_Init_1: (+1)
   \       0x22   0xFA04 0xFC06      LSL      R12,R4,R6
    199                /* Get the port pins position */
    200                currentpin = (GPIO_InitStruct->GPIO_Pin) & pos;
    201                if (currentpin == pos)
   \       0x26   0xEA0C 0x0502      AND      R5,R12,R2
   \       0x2A   0x4565             CMP      R5,R12
   \       0x2C   0xD111             BNE.N    ??GPIO_Init_2
    202                {
    203                  pos = pinpos << 2;
   \       0x2E   0xEA4F 0x0E86      LSL      LR,R6,#+2
    204                  /* Clear the corresponding low control register bits */
    205                  pinmask = ((uint32_t)0x0F) << pos;
    206                  tmpreg &= ~pinmask;
    207                  /* Write the mode configuration in the corresponding bits */
    208                  tmpreg |= (currentmode << pos);
   \       0x32   0xFA08 0xF50E      LSL      R5,R8,LR
   \       0x36   0x43AF             BICS     R7,R7,R5
   \       0x38   0xFA03 0xF50E      LSL      R5,R3,LR
   \       0x3C   0x432F             ORRS     R7,R5,R7
    209                  /* Reset the corresponding ODR bit */
    210                  if (GPIO_InitStruct->GPIO_Mode == GPIO_Mode_IPD)
   \       0x3E   0x78CD             LDRB     R5,[R1, #+3]
   \       0x40   0x2D28             CMP      R5,#+40
   \       0x42   0xBF08             IT       EQ
   \       0x44   0xF8C0 0xC014      STREQ    R12,[R0, #+20]
    211                  {
    212                    GPIOx->BRR = (((uint32_t)0x01) << pinpos);
   \       0x48   0xD003             BEQ.N    ??GPIO_Init_2
    213                  }
    214                  else
    215                  {
    216                    /* Set the corresponding ODR bit */
    217                    if (GPIO_InitStruct->GPIO_Mode == GPIO_Mode_IPU)
   \       0x4A   0x2D48             CMP      R5,#+72
   \       0x4C   0xBF08             IT       EQ
   \       0x4E   0xF8C0 0xC010      STREQ    R12,[R0, #+16]
    218                    {
    219                      GPIOx->BSRR = (((uint32_t)0x01) << pinpos);
    220                    }
    221                  }
    222                }
    223              }
   \                     ??GPIO_Init_2: (+1)
   \       0x52   0x1C76             ADDS     R6,R6,#+1
   \       0x54   0x2E08             CMP      R6,#+8
   \       0x56   0xD3E4             BCC.N    ??GPIO_Init_1
    224              GPIOx->CRL = tmpreg;
   \       0x58   0x6007             STR      R7,[R0, #+0]
    225            }
    226          /*---------------------------- GPIO CRH Configuration ------------------------*/
    227            /* Configure the eight high port pins */
    228            if (GPIO_InitStruct->GPIO_Pin > 0x00FF)
   \                     ??GPIO_Init_0: (+1)
   \       0x5A   0xF5B2 0x7F80      CMP      R2,#+256
   \       0x5E   0xDB1F             BLT.N    ??GPIO_Init_3
    229            {
    230              tmpreg = GPIOx->CRH;
   \       0x60   0x6847             LDR      R7,[R0, #+4]
    231              for (pinpos = 0x00; pinpos < 0x08; pinpos++)
   \       0x62   0x2600             MOVS     R6,#+0
    232              {
    233                pos = (((uint32_t)0x01) << (pinpos + 0x08));
   \                     ??GPIO_Init_4: (+1)
   \       0x64   0xF106 0x0508      ADD      R5,R6,#+8
   \       0x68   0xFA04 0xFC05      LSL      R12,R4,R5
    234                /* Get the port pins position */
    235                currentpin = ((GPIO_InitStruct->GPIO_Pin) & pos);
    236                if (currentpin == pos)
   \       0x6C   0xEA0C 0x0502      AND      R5,R12,R2
   \       0x70   0x4565             CMP      R5,R12
   \       0x72   0xD111             BNE.N    ??GPIO_Init_5
    237                {
    238                  pos = pinpos << 2;
   \       0x74   0xEA4F 0x0E86      LSL      LR,R6,#+2
    239                  /* Clear the corresponding high control register bits */
    240                  pinmask = ((uint32_t)0x0F) << pos;
    241                  tmpreg &= ~pinmask;
    242                  /* Write the mode configuration in the corresponding bits */
    243                  tmpreg |= (currentmode << pos);
   \       0x78   0xFA08 0xF50E      LSL      R5,R8,LR
   \       0x7C   0x43AF             BICS     R7,R7,R5
   \       0x7E   0xFA03 0xF50E      LSL      R5,R3,LR
   \       0x82   0x432F             ORRS     R7,R5,R7
    244                  /* Reset the corresponding ODR bit */
    245                  if (GPIO_InitStruct->GPIO_Mode == GPIO_Mode_IPD)
   \       0x84   0x78CD             LDRB     R5,[R1, #+3]
   \       0x86   0x2D28             CMP      R5,#+40
   \       0x88   0xBF08             IT       EQ
   \       0x8A   0xF8C0 0xC014      STREQ    R12,[R0, #+20]
    246                  {
    247                    GPIOx->BRR = (((uint32_t)0x01) << (pinpos + 0x08));
    248                  }
    249                  /* Set the corresponding ODR bit */
    250                  if (GPIO_InitStruct->GPIO_Mode == GPIO_Mode_IPU)
   \       0x8E   0x78CD             LDRB     R5,[R1, #+3]
   \       0x90   0x2D48             CMP      R5,#+72
   \       0x92   0xBF08             IT       EQ
   \       0x94   0xF8C0 0xC010      STREQ    R12,[R0, #+16]
    251                  {
    252                    GPIOx->BSRR = (((uint32_t)0x01) << (pinpos + 0x08));
    253                  }
    254                }
    255              }
   \                     ??GPIO_Init_5: (+1)
   \       0x98   0x1C76             ADDS     R6,R6,#+1
   \       0x9A   0x2E08             CMP      R6,#+8
   \       0x9C   0xD3E2             BCC.N    ??GPIO_Init_4
    256              GPIOx->CRH = tmpreg;
   \       0x9E   0x6047             STR      R7,[R0, #+4]
    257            }
    258          }
   \                     ??GPIO_Init_3: (+1)
   \       0xA0   0xE8BD 0x81F0      POP      {R4-R8,PC}
    259          
    260          /**
    261            * @brief  Fills each GPIO_InitStruct member with its default value.
    262            * @param  GPIO_InitStruct : pointer to a GPIO_InitTypeDef structure which will
    263            *         be initialized.
    264            * @retval None
    265            */

   \                                 In section .text, align 2, keep-with-next
    266          void GPIO_StructInit(GPIO_InitTypeDef* GPIO_InitStruct)
    267          {
    268            /* Reset GPIO init structure parameters values */
    269            GPIO_InitStruct->GPIO_Pin  = GPIO_Pin_All;
   \                     GPIO_StructInit: (+1)
   \        0x0   0xF64F 0x71FF      MOVW     R1,#+65535
   \        0x4   0x8001             STRH     R1,[R0, #+0]
    270            GPIO_InitStruct->GPIO_Speed = GPIO_Speed_2MHz;
   \        0x6   0x2202             MOVS     R2,#+2
    271            GPIO_InitStruct->GPIO_Mode = GPIO_Mode_IN_FLOATING;
   \        0x8   0x2304             MOVS     R3,#+4
   \        0xA   0x7082             STRB     R2,[R0, #+2]
   \        0xC   0x70C3             STRB     R3,[R0, #+3]
    272          }
   \        0xE   0x4770             BX       LR
    273          
    274          /**
    275            * @brief  Reads the specified input port pin.
    276            * @param  GPIOx: where x can be (A..G) to select the GPIO peripheral.
    277            * @param  GPIO_Pin:  specifies the port bit to read.
    278            *   This parameter can be GPIO_Pin_x where x can be (0..15).
    279            * @retval The input port pin value.
    280            */

   \                                 In section .text, align 2, keep-with-next
    281          uint8_t GPIO_ReadInputDataBit(GPIO_TypeDef* GPIOx, uint16_t GPIO_Pin)
    282          {
   \                     GPIO_ReadInputDataBit: (+1)
   \        0x0   0x4602             MOV      R2,R0
    283            uint8_t bitstatus = 0x00;
   \        0x2   0x2000             MOVS     R0,#+0
    284            
    285            /* Check the parameters */
    286            assert_param(IS_GPIO_ALL_PERIPH(GPIOx));
    287            assert_param(IS_GET_GPIO_PIN(GPIO_Pin)); 
    288            
    289            if ((GPIOx->IDR & GPIO_Pin) != (uint32_t)Bit_RESET)
   \        0x4   0x6892             LDR      R2,[R2, #+8]
   \        0x6   0x420A             TST      R2,R1
   \        0x8   0xBF18             IT       NE
   \        0xA   0x2001             MOVNE    R0,#+1
    290            {
    291              bitstatus = (uint8_t)Bit_SET;
    292            }
    293            else
    294            {
    295              bitstatus = (uint8_t)Bit_RESET;
    296            }
    297            return bitstatus;
   \        0xC   0x4770             BX       LR
    298          }
    299          
    300          /**
    301            * @brief  Reads the specified GPIO input data port.
    302            * @param  GPIOx: where x can be (A..G) to select the GPIO peripheral.
    303            * @retval GPIO input data port value.
    304            */

   \                                 In section .text, align 2, keep-with-next
    305          uint16_t GPIO_ReadInputData(GPIO_TypeDef* GPIOx)
    306          {
    307            /* Check the parameters */
    308            assert_param(IS_GPIO_ALL_PERIPH(GPIOx));
    309            
    310            return ((uint16_t)GPIOx->IDR);
   \                     GPIO_ReadInputData: (+1)
   \        0x0   0x6880             LDR      R0,[R0, #+8]
   \        0x2   0xB280             UXTH     R0,R0
   \        0x4   0x4770             BX       LR
    311          }
    312          
    313          /**
    314            * @brief  Reads the specified output data port bit.
    315            * @param  GPIOx: where x can be (A..G) to select the GPIO peripheral.
    316            * @param  GPIO_Pin:  specifies the port bit to read.
    317            *   This parameter can be GPIO_Pin_x where x can be (0..15).
    318            * @retval The output port pin value.
    319            */

   \                                 In section .text, align 2, keep-with-next
    320          uint8_t GPIO_ReadOutputDataBit(GPIO_TypeDef* GPIOx, uint16_t GPIO_Pin)
    321          {
   \                     GPIO_ReadOutputDataBit: (+1)
   \        0x0   0x4602             MOV      R2,R0
    322            uint8_t bitstatus = 0x00;
   \        0x2   0x2000             MOVS     R0,#+0
    323            /* Check the parameters */
    324            assert_param(IS_GPIO_ALL_PERIPH(GPIOx));
    325            assert_param(IS_GET_GPIO_PIN(GPIO_Pin)); 
    326            
    327            if ((GPIOx->ODR & GPIO_Pin) != (uint32_t)Bit_RESET)
   \        0x4   0x68D2             LDR      R2,[R2, #+12]
   \        0x6   0x420A             TST      R2,R1
   \        0x8   0xBF18             IT       NE
   \        0xA   0x2001             MOVNE    R0,#+1
    328            {
    329              bitstatus = (uint8_t)Bit_SET;
    330            }
    331            else
    332            {
    333              bitstatus = (uint8_t)Bit_RESET;
    334            }
    335            return bitstatus;
   \        0xC   0x4770             BX       LR
    336          }
    337          
    338          /**
    339            * @brief  Reads the specified GPIO output data port.
    340            * @param  GPIOx: where x can be (A..G) to select the GPIO peripheral.
    341            * @retval GPIO output data port value.
    342            */

   \                                 In section .text, align 2, keep-with-next
    343          uint16_t GPIO_ReadOutputData(GPIO_TypeDef* GPIOx)
    344          {
    345            /* Check the parameters */
    346            assert_param(IS_GPIO_ALL_PERIPH(GPIOx));
    347              
    348            return ((uint16_t)GPIOx->ODR);
   \                     GPIO_ReadOutputData: (+1)
   \        0x0   0x68C0             LDR      R0,[R0, #+12]
   \        0x2   0xB280             UXTH     R0,R0
   \        0x4   0x4770             BX       LR
    349          }
    350          
    351          /**
    352            * @brief  Sets the selected data port bits.
    353            * @param  GPIOx: where x can be (A..G) to select the GPIO peripheral.
    354            * @param  GPIO_Pin: specifies the port bits to be written.
    355            *   This parameter can be any combination of GPIO_Pin_x where x can be (0..15).
    356            * @retval None
    357            */

   \                                 In section .text, align 2, keep-with-next
    358          void GPIO_SetBits(GPIO_TypeDef* GPIOx, uint16_t GPIO_Pin)
    359          {
    360            /* Check the parameters */
    361            assert_param(IS_GPIO_ALL_PERIPH(GPIOx));
    362            assert_param(IS_GPIO_PIN(GPIO_Pin));
    363            
    364            GPIOx->BSRR = GPIO_Pin;
   \                     GPIO_SetBits: (+1)
   \        0x0   0x6101             STR      R1,[R0, #+16]
    365          }
   \        0x2   0x4770             BX       LR
    366          
    367          /**
    368            * @brief  Clears the selected data port bits.
    369            * @param  GPIOx: where x can be (A..G) to select the GPIO peripheral.
    370            * @param  GPIO_Pin: specifies the port bits to be written.
    371            *   This parameter can be any combination of GPIO_Pin_x where x can be (0..15).
    372            * @retval None
    373            */

   \                                 In section .text, align 2, keep-with-next
    374          void GPIO_ResetBits(GPIO_TypeDef* GPIOx, uint16_t GPIO_Pin)
    375          {
    376            /* Check the parameters */
    377            assert_param(IS_GPIO_ALL_PERIPH(GPIOx));
    378            assert_param(IS_GPIO_PIN(GPIO_Pin));
    379            
    380            GPIOx->BRR = GPIO_Pin;
   \                     GPIO_ResetBits: (+1)
   \        0x0   0x6141             STR      R1,[R0, #+20]
    381          }
   \        0x2   0x4770             BX       LR
    382          
    383          /**
    384            * @brief  Sets or clears the selected data port bit.
    385            * @param  GPIOx: where x can be (A..G) to select the GPIO peripheral.
    386            * @param  GPIO_Pin: specifies the port bit to be written.
    387            *   This parameter can be one of GPIO_Pin_x where x can be (0..15).
    388            * @param  BitVal: specifies the value to be written to the selected bit.
    389            *   This parameter can be one of the BitAction enum values:
    390            *     @arg Bit_RESET: to clear the port pin
    391            *     @arg Bit_SET: to set the port pin
    392            * @retval None
    393            */

   \                                 In section .text, align 2, keep-with-next
    394          void GPIO_WriteBit(GPIO_TypeDef* GPIOx, uint16_t GPIO_Pin, BitAction BitVal)
    395          {
    396            /* Check the parameters */
    397            assert_param(IS_GPIO_ALL_PERIPH(GPIOx));
    398            assert_param(IS_GET_GPIO_PIN(GPIO_Pin));
    399            assert_param(IS_GPIO_BIT_ACTION(BitVal)); 
    400            
    401            if (BitVal != Bit_RESET)
   \                     GPIO_WriteBit: (+1)
   \        0x0   0xB10A             CBZ.N    R2,??GPIO_WriteBit_0
    402            {
    403              GPIOx->BSRR = GPIO_Pin;
   \        0x2   0x6101             STR      R1,[R0, #+16]
   \        0x4   0x4770             BX       LR
    404            }
    405            else
    406            {
    407              GPIOx->BRR = GPIO_Pin;
   \                     ??GPIO_WriteBit_0: (+1)
   \        0x6   0x6141             STR      R1,[R0, #+20]
    408            }
    409          }
   \        0x8   0x4770             BX       LR
    410          
    411          /**
    412            * @brief  Writes data to the specified GPIO data port.
    413            * @param  GPIOx: where x can be (A..G) to select the GPIO peripheral.
    414            * @param  PortVal: specifies the value to be written to the port output data register.
    415            * @retval None
    416            */

   \                                 In section .text, align 2, keep-with-next
    417          void GPIO_Write(GPIO_TypeDef* GPIOx, uint16_t PortVal)
    418          {
    419            /* Check the parameters */
    420            assert_param(IS_GPIO_ALL_PERIPH(GPIOx));
    421            
    422            GPIOx->ODR = PortVal;
   \                     GPIO_Write: (+1)
   \        0x0   0x60C1             STR      R1,[R0, #+12]
    423          }
   \        0x2   0x4770             BX       LR
    424          
    425          /**
    426            * @brief  Locks GPIO Pins configuration registers.
    427            * @param  GPIOx: where x can be (A..G) to select the GPIO peripheral.
    428            * @param  GPIO_Pin: specifies the port bit to be written.
    429            *   This parameter can be any combination of GPIO_Pin_x where x can be (0..15).
    430            * @retval None
    431            */

   \                                 In section .text, align 2, keep-with-next
    432          void GPIO_PinLockConfig(GPIO_TypeDef* GPIOx, uint16_t GPIO_Pin)
    433          {
    434            uint32_t tmp = 0x00010000;
    435            
    436            /* Check the parameters */
    437            assert_param(IS_GPIO_ALL_PERIPH(GPIOx));
    438            assert_param(IS_GPIO_PIN(GPIO_Pin));
    439            
    440            tmp |= GPIO_Pin;
   \                     GPIO_PinLockConfig: (+1)
   \        0x0   0xF441 0x3280      ORR      R2,R1,#0x10000
    441            /* Set LCKK bit */
    442            GPIOx->LCKR = tmp;
   \        0x4   0x6182             STR      R2,[R0, #+24]
    443            /* Reset LCKK bit */
    444            GPIOx->LCKR =  GPIO_Pin;
   \        0x6   0x6181             STR      R1,[R0, #+24]
    445            /* Set LCKK bit */
    446            GPIOx->LCKR = tmp;
   \        0x8   0x6182             STR      R2,[R0, #+24]
    447            /* Read LCKK bit*/
    448            tmp = GPIOx->LCKR;
   \        0xA   0x6981             LDR      R1,[R0, #+24]
    449            /* Read LCKK bit*/
    450            tmp = GPIOx->LCKR;
   \        0xC   0x6980             LDR      R0,[R0, #+24]
    451          }
   \        0xE   0x4770             BX       LR
    452          
    453          /**
    454            * @brief  Selects the GPIO pin used as Event output.
    455            * @param  GPIO_PortSource: selects the GPIO port to be used as source
    456            *   for Event output.
    457            *   This parameter can be GPIO_PortSourceGPIOx where x can be (A..E).
    458            * @param  GPIO_PinSource: specifies the pin for the Event output.
    459            *   This parameter can be GPIO_PinSourcex where x can be (0..15).
    460            * @retval None
    461            */

   \                                 In section .text, align 2, keep-with-next
    462          void GPIO_EventOutputConfig(uint8_t GPIO_PortSource, uint8_t GPIO_PinSource)
    463          {
   \                     GPIO_EventOutputConfig: (+1)
   \        0x0   0xB510             PUSH     {R4,LR}
    464            uint32_t tmpreg = 0x00;
    465            /* Check the parameters */
    466            assert_param(IS_GPIO_EVENTOUT_PORT_SOURCE(GPIO_PortSource));
    467            assert_param(IS_GPIO_PIN_SOURCE(GPIO_PinSource));
    468              
    469            tmpreg = AFIO->EVCR;
   \        0x2   0x....             LDR.N    R3,??DataTable5_7
   \        0x4   0x681C             LDR      R4,[R3, #+0]
    470            /* Clear the PORT[6:4] and PIN[3:0] bits */
    471            tmpreg &= EVCR_PORTPINCONFIG_MASK;
    472            tmpreg |= (uint32_t)GPIO_PortSource << 0x04;
    473            tmpreg |= GPIO_PinSource;
    474            AFIO->EVCR = tmpreg;
   \        0x6   0xF64F 0x7280      MOVW     R2,#+65408
   \        0xA   0x4014             ANDS     R4,R2,R4
   \        0xC   0xEA44 0x1400      ORR      R4,R4,R0, LSL #+4
   \       0x10   0x4321             ORRS     R1,R1,R4
   \       0x12   0x6019             STR      R1,[R3, #+0]
    475          }
   \       0x14   0xBD10             POP      {R4,PC}
    476          
    477          /**
    478            * @brief  Enables or disables the Event Output.
    479            * @param  NewState: new state of the Event output.
    480            *   This parameter can be: ENABLE or DISABLE.
    481            * @retval None
    482            */

   \                                 In section .text, align 2, keep-with-next
    483          void GPIO_EventOutputCmd(FunctionalState NewState)
    484          {
    485            /* Check the parameters */
    486            assert_param(IS_FUNCTIONAL_STATE(NewState));
    487            
    488            *(__IO uint32_t *) EVCR_EVOE_BB = (uint32_t)NewState;
   \                     GPIO_EventOutputCmd: (+1)
   \        0x0   0x....             LDR.N    R1,??DataTable5_8
   \        0x2   0x6008             STR      R0,[R1, #+0]
    489          }
   \        0x4   0x4770             BX       LR
    490          
    491          /**
    492            * @brief  Changes the mapping of the specified pin.
    493            * @param  GPIO_Remap: selects the pin to remap.
    494            *   This parameter can be one of the following values:
    495            *     @arg GPIO_Remap_SPI1             : SPI1 Alternate Function mapping
    496            *     @arg GPIO_Remap_I2C1             : I2C1 Alternate Function mapping
    497            *     @arg GPIO_Remap_USART1           : USART1 Alternate Function mapping
    498            *     @arg GPIO_Remap_USART2           : USART2 Alternate Function mapping
    499            *     @arg GPIO_PartialRemap_USART3    : USART3 Partial Alternate Function mapping
    500            *     @arg GPIO_FullRemap_USART3       : USART3 Full Alternate Function mapping
    501            *     @arg GPIO_PartialRemap_TIM1      : TIM1 Partial Alternate Function mapping
    502            *     @arg GPIO_FullRemap_TIM1         : TIM1 Full Alternate Function mapping
    503            *     @arg GPIO_PartialRemap1_TIM2     : TIM2 Partial1 Alternate Function mapping
    504            *     @arg GPIO_PartialRemap2_TIM2     : TIM2 Partial2 Alternate Function mapping
    505            *     @arg GPIO_FullRemap_TIM2         : TIM2 Full Alternate Function mapping
    506            *     @arg GPIO_PartialRemap_TIM3      : TIM3 Partial Alternate Function mapping
    507            *     @arg GPIO_FullRemap_TIM3         : TIM3 Full Alternate Function mapping
    508            *     @arg GPIO_Remap_TIM4             : TIM4 Alternate Function mapping
    509            *     @arg GPIO_Remap1_CAN1            : CAN1 Alternate Function mapping
    510            *     @arg GPIO_Remap2_CAN1            : CAN1 Alternate Function mapping
    511            *     @arg GPIO_Remap_PD01             : PD01 Alternate Function mapping
    512            *     @arg GPIO_Remap_TIM5CH4_LSI      : LSI connected to TIM5 Channel4 input capture for calibration
    513            *     @arg GPIO_Remap_ADC1_ETRGINJ     : ADC1 External Trigger Injected Conversion remapping
    514            *     @arg GPIO_Remap_ADC1_ETRGREG     : ADC1 External Trigger Regular Conversion remapping
    515            *     @arg GPIO_Remap_ADC2_ETRGINJ     : ADC2 External Trigger Injected Conversion remapping
    516            *     @arg GPIO_Remap_ADC2_ETRGREG     : ADC2 External Trigger Regular Conversion remapping
    517            *     @arg GPIO_Remap_ETH              : Ethernet remapping (only for Connectivity line devices)
    518            *     @arg GPIO_Remap_CAN2             : CAN2 remapping (only for Connectivity line devices)
    519            *     @arg GPIO_Remap_SWJ_NoJTRST      : Full SWJ Enabled (JTAG-DP + SW-DP) but without JTRST
    520            *     @arg GPIO_Remap_SWJ_JTAGDisable  : JTAG-DP Disabled and SW-DP Enabled
    521            *     @arg GPIO_Remap_SWJ_Disable      : Full SWJ Disabled (JTAG-DP + SW-DP)
    522            *     @arg GPIO_Remap_SPI3             : SPI3/I2S3 Alternate Function mapping (only for Connectivity line devices)
    523            *                                        When the SPI3/I2S3 is remapped using this function, the SWJ is configured
    524            *                                        to Full SWJ Enabled (JTAG-DP + SW-DP) but without JTRST.   
    525            *     @arg GPIO_Remap_TIM2ITR1_PTP_SOF : Ethernet PTP output or USB OTG SOF (Start of Frame) connected
    526            *                                        to TIM2 Internal Trigger 1 for calibration (only for Connectivity line devices)
    527            *                                        If the GPIO_Remap_TIM2ITR1_PTP_SOF is enabled the TIM2 ITR1 is connected to 
    528            *                                        Ethernet PTP output. When Reset TIM2 ITR1 is connected to USB OTG SOF output.    
    529            *     @arg GPIO_Remap_PTP_PPS          : Ethernet MAC PPS_PTS output on PB05 (only for Connectivity line devices)
    530            *     @arg GPIO_Remap_TIM15            : TIM15 Alternate Function mapping (only for Value line devices)
    531            *     @arg GPIO_Remap_TIM16            : TIM16 Alternate Function mapping (only for Value line devices)
    532            *     @arg GPIO_Remap_TIM17            : TIM17 Alternate Function mapping (only for Value line devices)
    533            *     @arg GPIO_Remap_CEC              : CEC Alternate Function mapping (only for Value line devices)
    534            *     @arg GPIO_Remap_TIM1_DMA         : TIM1 DMA requests mapping (only for Value line devices)
    535            *     @arg GPIO_Remap_TIM9             : TIM9 Alternate Function mapping (only for XL-density devices)
    536            *     @arg GPIO_Remap_TIM10            : TIM10 Alternate Function mapping (only for XL-density devices)
    537            *     @arg GPIO_Remap_TIM11            : TIM11 Alternate Function mapping (only for XL-density devices)
    538            *     @arg GPIO_Remap_TIM13            : TIM13 Alternate Function mapping (only for High density Value line and XL-density devices)
    539            *     @arg GPIO_Remap_TIM14            : TIM14 Alternate Function mapping (only for High density Value line and XL-density devices)
    540            *     @arg GPIO_Remap_FSMC_NADV        : FSMC_NADV Alternate Function mapping (only for High density Value line and XL-density devices)
    541            *     @arg GPIO_Remap_TIM67_DAC_DMA    : TIM6/TIM7 and DAC DMA requests remapping (only for High density Value line devices)
    542            *     @arg GPIO_Remap_TIM12            : TIM12 Alternate Function mapping (only for High density Value line devices)
    543            *     @arg GPIO_Remap_MISC             : Miscellaneous Remap (DMA2 Channel5 Position and DAC Trigger remapping, 
    544            *                                        only for High density Value line devices)     
    545            * @param  NewState: new state of the port pin remapping.
    546            *   This parameter can be: ENABLE or DISABLE.
    547            * @retval None
    548            */

   \                                 In section .text, align 2, keep-with-next
    549          void GPIO_PinRemapConfig(uint32_t GPIO_Remap, FunctionalState NewState)
    550          {
   \                     GPIO_PinRemapConfig: (+1)
   \        0x0   0xB5F0             PUSH     {R4-R7,LR}
    551            uint32_t tmp = 0x00, tmp1 = 0x00, tmpreg = 0x00, tmpmask = 0x00;
    552          
    553            /* Check the parameters */
    554            assert_param(IS_GPIO_REMAP(GPIO_Remap));
    555            assert_param(IS_FUNCTIONAL_STATE(NewState));  
    556            
    557            if((GPIO_Remap & 0x80000000) == 0x80000000)
   \        0x2   0x....             LDR.N    R3,??DataTable5_9
   \        0x4   0x2800             CMP      R0,#+0
   \        0x6   0xBF4C             ITE      MI
   \        0x8   0x699C             LDRMI    R4,[R3, #+24]
   \        0xA   0x681C             LDRPL    R4,[R3, #+0]
    558            {
    559              tmpreg = AFIO->MAPR2;
    560            }
    561            else
    562            {
    563              tmpreg = AFIO->MAPR;
    564            }
    565          
    566            tmpmask = (GPIO_Remap & DBGAFR_POSITION_MASK) >> 0x10;
    567            tmp = GPIO_Remap & LSB_MASK;
    568          
    569            if ((GPIO_Remap & (DBGAFR_LOCATION_MASK | DBGAFR_NUMBITS_MASK)) == (DBGAFR_LOCATION_MASK | DBGAFR_NUMBITS_MASK))
   \        0xC   0x0D47             LSRS     R7,R0,#+21
   \        0xE   0xB286             UXTH     R6,R0
   \       0x10   0x013A             LSLS     R2,R7,#+4
   \       0x12   0x4096             LSLS     R6,R6,R2
   \       0x14   0xF400 0x1240      AND      R2,R0,#0x300000
   \       0x18   0xF5B2 0x1F40      CMP      R2,#+3145728
   \       0x1C   0xF3C0 0x4503      UBFX     R5,R0,#+16,#+4
   \       0x20   0xD106             BNE.N    ??GPIO_PinRemapConfig_0
    570            {
    571              tmpreg &= DBGAFR_SWJCFG_MASK;
    572              AFIO->MAPR &= DBGAFR_SWJCFG_MASK;
   \       0x22   0x681A             LDR      R2,[R3, #+0]
   \       0x24   0xF022 0x6270      BIC      R2,R2,#0xF000000
   \       0x28   0xF024 0x6470      BIC      R4,R4,#0xF000000
   \       0x2C   0x601A             STR      R2,[R3, #+0]
   \       0x2E   0xE008             B.N      ??GPIO_PinRemapConfig_1
    573            }
    574            else if ((GPIO_Remap & DBGAFR_NUMBITS_MASK) == DBGAFR_NUMBITS_MASK)
   \                     ??GPIO_PinRemapConfig_0: (+1)
   \       0x30   0x02C2             LSLS     R2,R0,#+11
   \       0x32   0xBF43             ITTTE    MI
   \       0x34   0x2703             MOVMI    R7,#+3
   \       0x36   0xFA07 0xF505      LSLMI    R5,R7,R5
   \       0x3A   0x43AC             BICMI    R4,R4,R5
   \       0x3C   0x43B4             BICPL    R4,R4,R6
    575            {
    576              tmp1 = ((uint32_t)0x03) << tmpmask;
    577              tmpreg &= ~tmp1;
    578              tmpreg |= ~DBGAFR_SWJCFG_MASK;
    579            }
    580            else
    581            {
    582              tmpreg &= ~(tmp << ((GPIO_Remap >> 0x15)*0x10));
    583              tmpreg |= ~DBGAFR_SWJCFG_MASK;
   \       0x3E   0xF044 0x6470      ORR      R4,R4,#0xF000000
    584            }
    585          
    586            if (NewState != DISABLE)
   \                     ??GPIO_PinRemapConfig_1: (+1)
   \       0x42   0xB101             CBZ.N    R1,??GPIO_PinRemapConfig_2
    587            {
    588              tmpreg |= (tmp << ((GPIO_Remap >> 0x15)*0x10));
   \       0x44   0x4334             ORRS     R4,R6,R4
    589            }
    590          
    591            if((GPIO_Remap & 0x80000000) == 0x80000000)
   \                     ??GPIO_PinRemapConfig_2: (+1)
   \       0x46   0x2800             CMP      R0,#+0
   \       0x48   0xD501             BPL.N    ??GPIO_PinRemapConfig_3
    592            {
    593              AFIO->MAPR2 = tmpreg;
   \       0x4A   0x619C             STR      R4,[R3, #+24]
   \       0x4C   0xBDF0             POP      {R4-R7,PC}
    594            }
    595            else
    596            {
    597              AFIO->MAPR = tmpreg;
   \                     ??GPIO_PinRemapConfig_3: (+1)
   \       0x4E   0x601C             STR      R4,[R3, #+0]
    598            }  
    599          }
   \       0x50   0xBDF0             POP      {R4-R7,PC}
    600          
    601          /**
    602            * @brief  Selects the GPIO pin used as EXTI Line.
    603            * @param  GPIO_PortSource: selects the GPIO port to be used as source for EXTI lines.
    604            *   This parameter can be GPIO_PortSourceGPIOx where x can be (A..G).
    605            * @param  GPIO_PinSource: specifies the EXTI line to be configured.
    606            *   This parameter can be GPIO_PinSourcex where x can be (0..15).
    607            * @retval None
    608            */

   \                                 In section .text, align 2, keep-with-next
    609          void GPIO_EXTILineConfig(uint8_t GPIO_PortSource, uint8_t GPIO_PinSource)
    610          {
   \                     GPIO_EXTILineConfig: (+1)
   \        0x0   0xB570             PUSH     {R4-R6,LR}
    611            uint32_t tmp = 0x00;
    612            /* Check the parameters */
    613            assert_param(IS_GPIO_EXTI_PORT_SOURCE(GPIO_PortSource));
    614            assert_param(IS_GPIO_PIN_SOURCE(GPIO_PinSource));
    615            
    616            tmp = ((uint32_t)0x0F) << (0x04 * (GPIO_PinSource & (uint8_t)0x03));
    617            AFIO->EXTICR[GPIO_PinSource >> 0x02] &= ~tmp;
   \        0x2   0x....             LDR.N    R3,??DataTable5_10
   \        0x4   0x008A             LSLS     R2,R1,#+2
   \        0x6   0xF021 0x0103      BIC      R1,R1,#0x3
   \        0xA   0xF002 0x020C      AND      R2,R2,#0xC
   \        0xE   0x585C             LDR      R4,[R3, R1]
   \       0x10   0x250F             MOVS     R5,#+15
   \       0x12   0x4095             LSLS     R5,R5,R2
   \       0x14   0x43AC             BICS     R4,R4,R5
   \       0x16   0x505C             STR      R4,[R3, R1]
    618            AFIO->EXTICR[GPIO_PinSource >> 0x02] |= (((uint32_t)GPIO_PortSource) << (0x04 * (GPIO_PinSource & (uint8_t)0x03)));
   \       0x18   0x4090             LSLS     R0,R0,R2
   \       0x1A   0x585E             LDR      R6,[R3, R1]
   \       0x1C   0x4330             ORRS     R0,R0,R6
   \       0x1E   0x5058             STR      R0,[R3, R1]
    619          }
   \       0x20   0xBD70             POP      {R4-R6,PC}
    620          
    621          /**
    622            * @brief  Selects the Ethernet media interface.
    623            * @note   This function applies only to STM32 Connectivity line devices.  
    624            * @param  GPIO_ETH_MediaInterface: specifies the Media Interface mode.
    625            *   This parameter can be one of the following values:
    626            *     @arg GPIO_ETH_MediaInterface_MII: MII mode
    627            *     @arg GPIO_ETH_MediaInterface_RMII: RMII mode    
    628            * @retval None
    629            */

   \                                 In section .text, align 2, keep-with-next
    630          void GPIO_ETH_MediaInterfaceConfig(uint32_t GPIO_ETH_MediaInterface) 
    631          { 
    632            assert_param(IS_GPIO_ETH_MEDIA_INTERFACE(GPIO_ETH_MediaInterface)); 
    633          
    634            /* Configure MII_RMII selection bit */ 
    635            *(__IO uint32_t *) MAPR_MII_RMII_SEL_BB = GPIO_ETH_MediaInterface; 
   \                     GPIO_ETH_MediaInterfaceConfig: (+1)
   \        0x0   0x....             LDR.N    R1,??DataTable5_11
   \        0x2   0x6008             STR      R0,[R1, #+0]
    636          }
   \        0x4   0x4770             BX       LR

   \                                 In section .text, align 4, keep-with-next
   \                     ??DataTable5:
   \        0x0   0x4001'0800        DC32     0x40010800

   \                                 In section .text, align 4, keep-with-next
   \                     ??DataTable5_1:
   \        0x0   0x4001'0C00        DC32     0x40010c00

   \                                 In section .text, align 4, keep-with-next
   \                     ??DataTable5_2:
   \        0x0   0x4001'1000        DC32     0x40011000

   \                                 In section .text, align 4, keep-with-next
   \                     ??DataTable5_3:
   \        0x0   0x4001'1400        DC32     0x40011400

   \                                 In section .text, align 4, keep-with-next
   \                     ??DataTable5_4:
   \        0x0   0x4001'1800        DC32     0x40011800

   \                                 In section .text, align 4, keep-with-next
   \                     ??DataTable5_5:
   \        0x0   0x4001'1C00        DC32     0x40011c00

   \                                 In section .text, align 4, keep-with-next
   \                     ??DataTable5_6:
   \        0x0   0x4001'2000        DC32     0x40012000

   \                                 In section .text, align 4, keep-with-next
   \                     ??DataTable5_7:
   \        0x0   0x4001'0000        DC32     0x40010000

   \                                 In section .text, align 4, keep-with-next
   \                     ??DataTable5_8:
   \        0x0   0x4220'001C        DC32     0x4220001c

   \                                 In section .text, align 4, keep-with-next
   \                     ??DataTable5_9:
   \        0x0   0x4001'0004        DC32     0x40010004

   \                                 In section .text, align 4, keep-with-next
   \                     ??DataTable5_10:
   \        0x0   0x4001'0008        DC32     0x40010008

   \                                 In section .text, align 4, keep-with-next
   \                     ??DataTable5_11:
   \        0x0   0x4220'00DC        DC32     0x422000dc
    637            
    638          /**
    639            * @}
    640            */
    641          
    642          /**
    643            * @}
    644            */
    645          
    646          /**
    647            * @}
    648            */
    649          
    650          /******************* (C) COPYRIGHT 2011 STMicroelectronics *****END OF FILE****/

   Maximum stack usage in bytes:

   .cstack Function
   ------- --------
       8   GPIO_AFIODeInit
         0   -> RCC_APB2PeriphResetCmd
         8   -> RCC_APB2PeriphResetCmd
       8   GPIO_DeInit
         0   -> RCC_APB2PeriphResetCmd
         8   -> RCC_APB2PeriphResetCmd
       0   GPIO_ETH_MediaInterfaceConfig
      16   GPIO_EXTILineConfig
       0   GPIO_EventOutputCmd
       8   GPIO_EventOutputConfig
      24   GPIO_Init
       0   GPIO_PinLockConfig
      20   GPIO_PinRemapConfig
       0   GPIO_ReadInputData
       0   GPIO_ReadInputDataBit
       0   GPIO_ReadOutputData
       0   GPIO_ReadOutputDataBit
       0   GPIO_ResetBits
       0   GPIO_SetBits
       0   GPIO_StructInit
       0   GPIO_Write
       0   GPIO_WriteBit


   Section sizes:

   Bytes  Function/Label
   -----  --------------
       4  ??DataTable5
       4  ??DataTable5_1
       4  ??DataTable5_10
       4  ??DataTable5_11
       4  ??DataTable5_2
       4  ??DataTable5_3
       4  ??DataTable5_4
       4  ??DataTable5_5
       4  ??DataTable5_6
       4  ??DataTable5_7
       4  ??DataTable5_8
       4  ??DataTable5_9
      22  GPIO_AFIODeInit
     154  GPIO_DeInit
       6  GPIO_ETH_MediaInterfaceConfig
      34  GPIO_EXTILineConfig
       6  GPIO_EventOutputCmd
      22  GPIO_EventOutputConfig
     164  GPIO_Init
      16  GPIO_PinLockConfig
      82  GPIO_PinRemapConfig
       6  GPIO_ReadInputData
      14  GPIO_ReadInputDataBit
       6  GPIO_ReadOutputData
      14  GPIO_ReadOutputDataBit
       4  GPIO_ResetBits
       4  GPIO_SetBits
      16  GPIO_StructInit
       4  GPIO_Write
      10  GPIO_WriteBit

 
 632 bytes in section .text
 
 632 bytes of CODE memory

Errors: none
Warnings: none
